2026-06-08T15:17:51.0114142+00:00 ContainerStatus: State: Starting, Action: EstablishingSiteNetworks, LastError: , LastErrorTimestamp: 01/01/0001 00:00:00, LastErrorDetails: , Details: , DetailsLevel: INFO
2026-06-08T15:17:52.3020246+00:00 ContainerStatus: State: Starting, Action: StartingMsiContainer, LastError: , LastErrorTimestamp: 01/01/0001 00:00:00, LastErrorDetails: , Details: , DetailsLevel: INFO
2026-06-08T15:17:56.7681101+00:00 ContainerStatus: State: Starting, Action: StartingSiteContainers, LastError: , LastErrorTimestamp: 01/01/0001 00:00:00, LastErrorDetails: , Details: , DetailsLevel: INFO
2026-06-08T15:17:56.7684094+00:00 ContainerStatus: Container start method called.
2026-06-08T15:17:56.7684862+00:00 ContainerStatus: State: Starting, Action: PullingImage, LastError: , LastErrorTimestamp: 01/01/0001 00:00:00, LastErrorDetails: , Details: Pulling image portalzamowienacr.azurecr.io/portalzamowienacr.azurecr.io/portalzamowien:latest for portalzamowien-app., DetailsLevel: INFO
2026-06-08T15:17:56.7686187+00:00 ContainerStatus: Establishing network.
2026-06-08T15:17:56.7695036+00:00 ContainerStatus: Pulling image: portalzamowienacr.azurecr.io/portalzamowienacr.azurecr.io/portalzamowien:latest.
2026-06-08T15:17:58.3812235+00:00 ContainerStatus: Container pull image failed with reason: ImagePullFailure. Revert by terminate.
2026-06-08T15:17:58.3871150+00:00 ContainerStatus: Container is terminating. Grace period: 5 seconds.
2026-06-08T15:17:58.3895863+00:00 ContainerStatus: Container spec TerminationMessagePolicy  path 
2026-06-08T15:17:58.3931892+00:00 ContainerStatus: Container is terminated. Total time elapsed: 5 ms.
2026-06-08T15:17:58.3934524+00:00 ContainerStatus: Site container: portalzamowien-app terminated during site startup.
2026-06-08T15:17:58.3978580+00:00 ContainerStatus: State: Stopping, Action: CancellingStartup, LastError: , LastErrorTimestamp: 01/01/0001 00:00:00, LastErrorDetails: , Details: Site container: portalzamowien-app terminated during site startup. Cancelling site startup., DetailsLevel: ERR
2026-06-08T15:17:58.4132511+00:00 ContainerStatus: State: Stopping, Action: CancellingStartup, LastError: ImageNotFoundFailure, LastErrorTimestamp: 06/08/2026 15:17:58, LastErrorDetails: Failed to pull image: portalzamowienacr.azurecr.io/portalzamowienacr.azurecr.io/portalzamowien:latest. Image pull failed because the image was not found. Check the registry to ensure the image is present or check for any misspellings., Details: Site container: portalzamowien-app terminated during site startup. Cancelling site startup., DetailsLevel: ERR
2026-06-08T15:17:58.4243764+00:00 ContainerStatus: Failed to start site. Revert by stopping site.
2026-06-08T15:17:58.4360223+00:00 ContainerStatus: State: Stopping, Action: StoppingSite, LastError: ImageNotFoundFailure, LastErrorTimestamp: 06/08/2026 15:17:58, LastErrorDetails: Failed to pull image: portalzamowienacr.azurecr.io/portalzamowienacr.azurecr.io/portalzamowien:latest. Image pull failed because the image was not found. Check the registry to ensure the image is present or check for any misspellings., Details: Site container: portalzamowien-app terminated during site startup. Cancelling site startup., DetailsLevel: ERR
2026-06-08T15:17:58.4387951+00:00 ContainerStatus: State: Stopping, Action: StoppingSiteContainers, LastError: ImageNotFoundFailure, LastErrorTimestamp: 06/08/2026 15:17:58, LastErrorDetails: Failed to pull image: portalzamowienacr.azurecr.io/portalzamowienacr.azurecr.io/portalzamowien:latest. Image pull failed because the image was not found. Check the registry to ensure the image is present or check for any misspellings., Details: Site container: portalzamowien-app terminated during site startup. Cancelling site startup., DetailsLevel: ERR
2026-06-08T15:17:58.8076215+00:00 ContainerStatus: Site container: portalzamowien-app_managedIdentity terminated during site startup.
2026-06-08T15:17:58.8089091+00:00 ContainerStatus: State: Stopping, Action: StoppingSiteContainers, LastError: ImageNotFoundFailure, LastErrorTimestamp: 06/08/2026 15:17:58, LastErrorDetails: Failed to pull image: portalzamowienacr.azurecr.io/portalzamowienacr.azurecr.io/portalzamowien:latest. Image pull failed because the image was not found. Check the registry to ensure the image is present or check for any misspellings., Details: Site container: portalzamowien-app terminated during site startup. Cancelling site startup., DetailsLevel: ERR
2026-06-08T15:17:58.8102739+00:00 ContainerStatus: Site: portalzamowien-app stopped.
