2026-06-08T15:18:49.8316018+00:00 ContainerStatus: State: Starting, Action: EstablishingSiteNetworks, LastError: , LastErrorTimestamp: 01/01/0001 00:00:00, LastErrorDetails: , Details: , DetailsLevel: INFO
2026-06-08T15:18:54.0042764+00:00 ContainerStatus: State: Starting, Action: StartingMsiContainer, LastError: , LastErrorTimestamp: 01/01/0001 00:00:00, LastErrorDetails: , Details: , DetailsLevel: INFO
2026-06-08T15:19:04.5082113+00:00 ContainerStatus: State: Starting, Action: StartingSiteContainers, LastError: , LastErrorTimestamp: 01/01/0001 00:00:00, LastErrorDetails: , Details: , DetailsLevel: INFO
2026-06-08T15:19:04.5086416+00:00 ContainerStatus: Container start method called.
2026-06-08T15:19:04.5087237+00:00 ContainerStatus: State: Starting, Action: PullingImage, LastError: , LastErrorTimestamp: 01/01/0001 00:00:00, LastErrorDetails: , Details: Pulling image portalzamowienacr.azurecr.io/portalzamowienacr.azurecr.io/portalzamowien:latest for portalzamowien-app., DetailsLevel: INFO
2026-06-08T15:19:04.5095861+00:00 ContainerStatus: Establishing network.
2026-06-08T15:19:04.5101899+00:00 ContainerStatus: Pulling image: portalzamowienacr.azurecr.io/portalzamowienacr.azurecr.io/portalzamowien:latest.
2026-06-08T15:19:08.7003177+00:00 ContainerStatus: Container pull image failed with reason: ImagePullFailure. Revert by terminate.
2026-06-08T15:19:08.7036435+00:00 ContainerStatus: Container is terminating. Grace period: 5 seconds.
2026-06-08T15:19:08.7055105+00:00 ContainerStatus: Container spec TerminationMessagePolicy  path 
2026-06-08T15:19:08.7074517+00:00 ContainerStatus: Container is terminated. Total time elapsed: 3 ms.
2026-06-08T15:19:08.7080348+00:00 ContainerStatus: Site container: portalzamowien-app terminated during site startup.
2026-06-08T15:19:08.7092049+00:00 ContainerStatus: State: Stopping, Action: CancellingStartup, LastError: , LastErrorTimestamp: 01/01/0001 00:00:00, LastErrorDetails: , Details: Site container: portalzamowien-app terminated during site startup. Cancelling site startup., DetailsLevel: ERR
2026-06-08T15:19:08.7192438+00:00 ContainerStatus: State: Stopping, Action: CancellingStartup, LastError: ImageNotFoundFailure, LastErrorTimestamp: 06/08/2026 15:19:08, LastErrorDetails: Failed to pull image: portalzamowienacr.azurecr.io/portalzamowienacr.azurecr.io/portalzamowien:latest. Image pull failed because the image was not found. Check the registry to ensure the image is present or check for any misspellings., Details: Site container: portalzamowien-app terminated during site startup. Cancelling site startup., DetailsLevel: ERR
2026-06-08T15:19:08.7336990+00:00 ContainerStatus: Failed to start site. Revert by stopping site.
2026-06-08T15:19:08.7441749+00:00 ContainerStatus: State: Stopping, Action: StoppingSite, LastError: ImageNotFoundFailure, LastErrorTimestamp: 06/08/2026 15:19:08, LastErrorDetails: Failed to pull image: portalzamowienacr.azurecr.io/portalzamowienacr.azurecr.io/portalzamowien:latest. Image pull failed because the image was not found. Check the registry to ensure the image is present or check for any misspellings., Details: Site container: portalzamowien-app terminated during site startup. Cancelling site startup., DetailsLevel: ERR
2026-06-08T15:19:08.7466108+00:00 ContainerStatus: State: Stopping, Action: StoppingSiteContainers, LastError: ImageNotFoundFailure, LastErrorTimestamp: 06/08/2026 15:19:08, LastErrorDetails: Failed to pull image: portalzamowienacr.azurecr.io/portalzamowienacr.azurecr.io/portalzamowien:latest. Image pull failed because the image was not found. Check the registry to ensure the image is present or check for any misspellings., Details: Site container: portalzamowien-app terminated during site startup. Cancelling site startup., DetailsLevel: ERR
2026-06-08T15:19:09.4468343+00:00 ContainerStatus: Site container: portalzamowien-app_managedIdentity terminated during site startup.
2026-06-08T15:19:09.4481610+00:00 ContainerStatus: State: Stopping, Action: StoppingSiteContainers, LastError: ImageNotFoundFailure, LastErrorTimestamp: 06/08/2026 15:19:08, LastErrorDetails: Failed to pull image: portalzamowienacr.azurecr.io/portalzamowienacr.azurecr.io/portalzamowien:latest. Image pull failed because the image was not found. Check the registry to ensure the image is present or check for any misspellings., Details: Site container: portalzamowien-app terminated during site startup. Cancelling site startup., DetailsLevel: ERR
2026-06-08T15:19:09.4501233+00:00 ContainerStatus: Site: portalzamowien-app stopped.
